[07/22/2022 14:57:16] Debug: Session id: 38feb2dc-282e-4b30-b078-7761493e9e28
[07/22/2022 14:57:16] Debug: Code Processor information: Name :SnowConvert, Version: 7.11.4.0
[07/22/2022 14:57:17] Debug: Getting license
[07/22/2022 14:57:17] Debug: License information
	Status: Failed
	Message: No active license available.
[07/22/2022 14:57:17] Info: Starting to validate parameters
[07/22/2022 14:57:17] Info: Parameters to validate: 
	Execution mode: Conversion
	LICENSE_KEY: a3372138-b87e-4a08-b929-3b48b24c63f1
[07/22/2022 14:57:17] Info: Validation of parameters: Success
[07/22/2022 14:57:17] Debug: Getting code descriptor
[07/22/2022 14:57:17] Debug: Code descriptor information
	Units: 51
	Units type: LOC
	All file bytes: 2141
	All found extensions: .sql,.dml,.ddl,.bteq,.btq,.fl,.fload,.ml,.mload,.mld,.tp,.tpump,.tpt
[07/22/2022 14:57:17] Debug: Calculating fingerprint
[07/22/2022 14:57:17] Debug: Fingerprint information Fingerprint(size=2141,projects=1)
[07/22/2022 14:57:17] Info: Starting to try to validate online license for execution
[07/22/2022 14:57:18] Debug: Getting license
[07/22/2022 14:57:18] Debug: License information
	Status: Failed
	Message: No active license available.
[07/22/2022 14:57:18] Debug: Starting the execution of the controller
[07/22/2022 14:57:19] Debug: Executing the worker: SnowConvert
[07/22/2022 14:57:35] Debug: Finished executing the worker: SnowConvert
[07/22/2022 14:57:37] Info: Controller execution ended
